Flow report for seq_detec_hr
Thu Oct 29 20:17:11 2020
Quartus II 64-Bit Version 13.0.1 Build 232 06/12/2013 Service Pack 1 SJ Full Version


---------------------
; Table of Contents ;
---------------------
  1. Legal Notice
  2. Flow Summary
  3. Flow Settings
  4. Flow Non-Default Global Settings
  5. Flow Elapsed Time
  6. Flow OS Summary
  7. Flow Log
  8. Flow Messages
  9. Flow Suppressed Messages



----------------
; Legal Notice ;
----------------
Copyright (C) 1991-2013 Altera Corporation
Your use of Altera Corporation's design tools, logic functions 
and other software and tools, and its AMPP partner logic 
functions, and any output files from any of the foregoing 
(including device programming or simulation files), and any 
associated documentation or information are expressly subject 
to the terms and conditions of the Altera Program License 
Subscription Agreement, Altera MegaCore Function License 
Agreement, or other applicable license agreement, including, 
without limitation, that your use is for the sole purpose of 
programming logic devices manufactured by Altera and sold by 
Altera or its authorized distributors.  Please refer to the 
applicable agreement for further details.



+----------------------------------------------------------------------------------------+
; Flow Summary                                                                           ;
+-------------------------------------+--------------------------------------------------+
; Flow Status                         ; Successful - Thu Oct 29 20:17:11 2020            ;
; Quartus II 64-Bit Version           ; 13.0.1 Build 232 06/12/2013 SP 1 SJ Full Version ;
; Revision Name                       ; seq_detec_hr                                     ;
; Top-level Entity Name               ; seq_detec_hr                                     ;
; Family                              ; Cyclone V                                        ;
; Device                              ; 5CEFA2F23C8                                      ;
; Timing Models                       ; Final                                            ;
; Logic utilization (in ALMs)         ; 23 / 9,430 ( < 1 % )                             ;
; Total registers                     ; 46                                               ;
; Total pins                          ; 6 / 224 ( 3 % )                                  ;
; Total virtual pins                  ; 0                                                ;
; Total block memory bits             ; 0 / 1,802,240 ( 0 % )                            ;
; Total DSP Blocks                    ; 0 / 25 ( 0 % )                                   ;
; Total HSSI RX PCSs                  ; 0                                                ;
; Total HSSI PMA RX Deserializers     ; 0                                                ;
; Total HSSI PMA RX ATT Deserializers ; 0                                                ;
; Total HSSI TX PCSs                  ; 0                                                ;
; Total HSSI PMA TX Serializers       ; 0                                                ;
; Total HSSI PMA TX ATT Serializers   ; 0                                                ;
; Total PLLs                          ; 0 / 4 ( 0 % )                                    ;
; Total DLLs                          ; 0 / 4 ( 0 % )                                    ;
+-------------------------------------+--------------------------------------------------+


+-----------------------------------------+
; Flow Settings                           ;
+-------------------+---------------------+
; Option            ; Setting             ;
+-------------------+---------------------+
; Start date & time ; 10/29/2020 20:16:34 ;
; Main task         ; Compilation         ;
; Revision Name     ; seq_detec_hr        ;
+-------------------+---------------------+


+------------------------------------------------------------------------------------------------------------------------+
; Flow Non-Default Global Settings                                                                                       ;
+--------------------------------------+---------------------------------+---------------+-------------+-----------------+
; Assignment Name                      ; Value                           ; Default Value ; Entity Name ; Section Id      ;
+--------------------------------------+---------------------------------+---------------+-------------+-----------------+
; COMPILER_SIGNATURE_ID                ; 118796724556660.160397379305076 ; --            ; --          ; --              ;
; EDA_DESIGN_INSTANCE_NAME             ; NA                              ; --            ; --          ; seq_detec_hr_tb ;
; EDA_NATIVELINK_SIMULATION_TEST_BENCH ; seq_detec_hr_tb                 ; --            ; --          ; eda_simulation  ;
; EDA_OUTPUT_DATA_FORMAT               ; Vhdl                            ; --            ; --          ; eda_simulation  ;
; EDA_SIMULATION_TOOL                  ; ModelSim (VHDL)                 ; <None>        ; --          ; --              ;
; EDA_TEST_BENCH_ENABLE_STATUS         ; TEST_BENCH_MODE                 ; --            ; --          ; eda_simulation  ;
; EDA_TEST_BENCH_FILE                  ; seq_detec_hr_tb.vhd             ; --            ; --          ; seq_detec_hr_tb ;
; EDA_TEST_BENCH_MODULE_NAME           ; seq_detec_hr_tb                 ; --            ; --          ; seq_detec_hr_tb ;
; EDA_TEST_BENCH_NAME                  ; seq_detec_hr_tb                 ; --            ; --          ; eda_simulation  ;
; EDA_TEST_BENCH_RUN_SIM_FOR           ; 2000 ns                         ; --            ; --          ; seq_detec_hr_tb ;
; EDA_TIME_SCALE                       ; 1 ps                            ; --            ; --          ; eda_simulation  ;
; MAX_CORE_JUNCTION_TEMP               ; 85                              ; --            ; --          ; --              ;
; MIN_CORE_JUNCTION_TEMP               ; 0                               ; --            ; --          ; --              ;
; PARTITION_COLOR                      ; 16764057                        ; --            ; --          ; Top             ;
; PARTITION_FITTER_PRESERVATION_LEVEL  ; PLACEMENT_AND_ROUTING           ; --            ; --          ; Top             ;
; PARTITION_NETLIST_TYPE               ; SOURCE                          ; --            ; --          ; Top             ;
; PROJECT_OUTPUT_DIRECTORY             ; output_files                    ; --            ; --          ; --              ;
+--------------------------------------+---------------------------------+---------------+-------------+-----------------+


+-------------------------------------------------------------------------------------------------------------------------------+
; Flow Elapsed Time                                                                                                             ;
+---------------------------+--------------+-------------------------+---------------------+------------------------------------+
; Module Name               ; Elapsed Time ; Average Processors Used ; Peak Virtual Memory ; Total CPU Time (on all processors) ;
+---------------------------+--------------+-------------------------+---------------------+------------------------------------+
; Analysis & Synthesis      ; 00:00:01     ; 1.0                     ; 549 MB              ; 00:00:01                           ;
; Fitter                    ; 00:00:22     ; 1.4                     ; 1745 MB             ; 00:00:28                           ;
; Assembler                 ; 00:00:04     ; 1.0                     ; 568 MB              ; 00:00:04                           ;
; TimeQuest Timing Analyzer ; 00:00:05     ; 1.0                     ; 974 MB              ; 00:00:06                           ;
; EDA Netlist Writer        ; 00:00:01     ; 1.0                     ; 441 MB              ; 00:00:01                           ;
; Total                     ; 00:00:33     ; --                      ; --                  ; 00:00:40                           ;
+---------------------------+--------------+-------------------------+---------------------+------------------------------------+


+----------------------------------------------------------------------------------------+
; Flow OS Summary                                                                        ;
+---------------------------+------------------+-----------+------------+----------------+
; Module Name               ; Machine Hostname ; OS Name   ; OS Version ; Processor type ;
+---------------------------+------------------+-----------+------------+----------------+
; Analysis & Synthesis      ; liyh-2F          ; Windows 7 ; 6.1        ; x86_64         ;
; Fitter                    ; liyh-2F          ; Windows 7 ; 6.1        ; x86_64         ;
; Assembler                 ; liyh-2F          ; Windows 7 ; 6.1        ; x86_64         ;
; TimeQuest Timing Analyzer ; liyh-2F          ; Windows 7 ; 6.1        ; x86_64         ;
; EDA Netlist Writer        ; liyh-2F          ; Windows 7 ; 6.1        ; x86_64         ;
+---------------------------+------------------+-----------+------------+----------------+


------------
; Flow Log ;
------------
quartus_map --read_settings_files=on --write_settings_files=off seq_detec_hr -c seq_detec_hr
quartus_fit --read_settings_files=off --write_settings_files=off seq_detec_hr -c seq_detec_hr
quartus_asm --read_settings_files=off --write_settings_files=off seq_detec_hr -c seq_detec_hr
quartus_sta seq_detec_hr -c seq_detec_hr
quartus_eda --read_settings_files=off --write_settings_files=off seq_detec_hr -c seq_detec_hr



